05/06/2026 14:57:40 - db.base - [32mINFO[0m - Inicializando banco de dados: postgresql://etl_user:etl_password@localhost:5432/etl_metadata
05/06/2026 14:57:42 - db.base - [31mERROR[0m - Erro ao inicializar banco de dados: Not an executable object: 'SELECT 1'
05/06/2026 14:58:08 - db.base - [32mINFO[0m - Inicializando banco de dados: postgresql://etl_user:etl_password@localhost:5432/etl_metadata
05/06/2026 14:58:08 - db.base - [31mERROR[0m - Erro ao inicializar banco de dados: Not an executable object: 'SELECT 1'
05/06/2026 15:00:22 - db.base - [32mINFO[0m - Inicializando banco de dados: postgresql://etl_user:etl_password@localhost:5432/etl_metadata
05/06/2026 15:00:22 - db.base - [31mERROR[0m - Erro ao inicializar banco de dados: Not an executable object: 'SELECT 1'
05/06/2026 15:02:50 - db.base - [32mINFO[0m - Inicializando banco de dados: postgresql://etl_user:etl_password@localhost:5432/etl_metadata
05/06/2026 15:02:50 - db.base - [31mERROR[0m - Erro ao inicializar banco de dados: Not an executable object: 'SELECT 1'
05/06/2026 15:02:50 - db.base - [32mINFO[0m - Inicializando banco de dados: postgresql://etl_user:etl_password@localhost:5432/etl_metadata
05/06/2026 15:02:50 - db.base - [31mERROR[0m - Erro ao inicializar banco de dados: Not an executable object: 'SELECT 1'
05/06/2026 15:03:55 - db.base - [32mINFO[0m - Inicializando banco de dados: postgresql://etl_user:etl_password@localhost:5432/etl_metadata
05/06/2026 15:03:55 - db.base - [31mERROR[0m - Erro ao inicializar banco de dados: Not an executable object: 'SELECT 1'
05/06/2026 15:03:57 - db.base - [32mINFO[0m - Inicializando banco de dados: postgresql://etl_user:etl_password@localhost:5432/etl_metadata
05/06/2026 15:03:57 - db.base - [31mERROR[0m - Erro ao inicializar banco de dados: Not an executable object: 'SELECT 1'
05/06/2026 15:04:13 - db.base - [32mINFO[0m - Inicializando banco de dados: postgresql://etl_user:etl_password@localhost:5432/etl_metadata
05/06/2026 15:04:13 - db.base - [31mERROR[0m - Erro ao inicializar banco de dados: Not an executable object: 'SELECT 1'
05/06/2026 15:04:58 - db.base - [32mINFO[0m - Inicializando banco de dados: postgresql://etl_user:etl_password@localhost:5432/etl_metadata
05/06/2026 15:04:59 - db.base - [31mERROR[0m - Erro ao inicializar banco de dados: Not an executable object: 'SELECT 1'
05/06/2026 15:05:00 - db.base - [32mINFO[0m - Inicializando banco de dados: postgresql://etl_user:etl_password@localhost:5432/etl_metadata
05/06/2026 15:05:00 - db.base - [31mERROR[0m - Erro ao inicializar banco de dados: Not an executable object: 'SELECT 1'
05/06/2026 15:06:46 - db.base - [32mINFO[0m - Inicializando banco de dados: postgresql://etl_user:etl_password@localhost:5432/etl_metadata
05/06/2026 15:06:46 - db.base - [32mINFO[0m - Conexão com banco de dados estabelecida com sucesso
05/06/2026 15:06:46 - db.base - [32mINFO[0m - Tabelas criadas/verificadas com sucesso
05/06/2026 15:10:43 - db.base - [32mINFO[0m - Inicializando banco de dados: postgresql://etl_user:etl_password@localhost:5432/etl_metadata
05/06/2026 15:10:43 - db.base - [32mINFO[0m - Conexão com banco de dados estabelecida com sucesso
05/06/2026 15:10:43 - db.base - [31mERROR[0m - Erro ao inicializar banco de dados: No module named 'db.connections'
05/06/2026 15:10:43 - db.base - [32mINFO[0m - Inicializando banco de dados: postgresql://etl_user:etl_password@localhost:5432/etl_metadata
05/06/2026 15:10:43 - db.base - [32mINFO[0m - Conexão com banco de dados estabelecida com sucesso
05/06/2026 15:10:43 - db.base - [31mERROR[0m - Erro ao inicializar banco de dados: No module named 'db.connections'
05/06/2026 15:10:44 - db.base - [32mINFO[0m - Inicializando banco de dados: postgresql://etl_user:etl_password@localhost:5432/etl_metadata
05/06/2026 15:10:44 - db.base - [32mINFO[0m - Conexão com banco de dados estabelecida com sucesso
05/06/2026 15:10:44 - db.base - [31mERROR[0m - Erro ao inicializar banco de dados: No module named 'db.connections'
05/06/2026 15:12:16 - db.base - [32mINFO[0m - Inicializando banco de dados: postgresql://etl_user:etl_password@localhost:5432/etl_metadata
05/06/2026 15:12:16 - db.base - [32mINFO[0m - Conexão com banco de dados estabelecida com sucesso
05/06/2026 15:12:16 - db.base - [32mINFO[0m - Tabelas criadas/verificadas com sucesso
05/06/2026 15:12:59 - db.base - [32mINFO[0m - Inicializando banco de dados: postgresql://etl_user:etl_password@localhost:5432/etl_metadata
05/06/2026 15:12:59 - db.base - [32mINFO[0m - Conexão com banco de dados estabelecida com sucesso
05/06/2026 15:12:59 - db.base - [32mINFO[0m - Tabelas criadas/verificadas com sucesso
05/06/2026 15:13:43 - db.base - [32mINFO[0m - Inicializando banco de dados: postgresql://etl_user:etl_password@localhost:5432/etl_metadata
05/06/2026 15:13:43 - db.base - [32mINFO[0m - Conexão com banco de dados estabelecida com sucesso
05/06/2026 15:13:43 - db.base - [32mINFO[0m - Tabelas criadas/verificadas com sucesso
05/06/2026 15:14:03 - db.base - [32mINFO[0m - Inicializando banco de dados: postgresql://etl_user:etl_password@localhost:5432/etl_metadata
05/06/2026 15:14:03 - db.base - [32mINFO[0m - Conexão com banco de dados estabelecida com sucesso
05/06/2026 15:14:03 - db.base - [32mINFO[0m - Tabelas criadas/verificadas com sucesso
05/06/2026 15:16:57 - db.base - [32mINFO[0m - Inicializando banco de dados: postgresql://etl_user:etl_password@localhost:5432/etl_metadata
05/06/2026 15:16:57 - db.base - [32mINFO[0m - Conexão com banco de dados estabelecida com sucesso
05/06/2026 15:16:57 - db.base - [32mINFO[0m - Tabelas criadas/verificadas com sucesso
05/06/2026 15:18:35 - db.base - [32mINFO[0m - Inicializando banco de dados: postgresql://etl_user:etl_password@localhost:5432/etl_metadata
05/06/2026 15:18:35 - db.base - [32mINFO[0m - Conexão com banco de dados estabelecida com sucesso
05/06/2026 15:18:35 - db.base - [32mINFO[0m - Tabelas criadas/verificadas com sucesso
05/06/2026 15:19:15 - db.base - [32mINFO[0m - Inicializando banco de dados: postgresql://etl_user:etl_password@localhost:5432/etl_metadata
05/06/2026 15:19:15 - db.base - [32mINFO[0m - Conexão com banco de dados estabelecida com sucesso
05/06/2026 15:19:15 - db.base - [32mINFO[0m - Tabelas criadas/verificadas com sucesso
